    Global nodes                       : 13824
    Total KSP Iterations               : 15
    SNES Solve Time                    : 0.517691 (0.51767) sec
    DoFs/Sec in SNES                   : 1.20164 (1.20169) million
    L2 Error                           : 1.021426e-03
./elasticity on a mpich-O named noether with 64 processors, by arash Thu Feb 11 18:01:35 2021
Time (sec):           9.755e-01     1.007   9.752e-01
Event                Count      Time (sec)     Flop                              --- Global ---  --- Stage ----  Total   GPU    - CpuToGpu -   - GpuToCpu - GPU
    Global nodes                       : 15625
    Total KSP Iterations               : 15
    SNES Solve Time                    : 0.489984 (0.489958) sec
    DoFs/Sec in SNES                   : 1.435 (1.43507) million
    L2 Error                           : 9.391153e-04
./elasticity on a mpich-O named noether with 64 processors, by arash Thu Feb 11 18:02:09 2021
Time (sec):           1.441e+00     1.002   1.440e+00
Event                Count      Time (sec)     Flop                              --- Global ---  --- Stage ----  Total   GPU    - CpuToGpu -   - GpuToCpu - GPU
    Global nodes                       : 421875
    Total KSP Iterations               : 19
    SNES Solve Time                    : 8.93657 (8.93652) sec
    DoFs/Sec in SNES                   : 2.69084 (2.69086) million
    L2 Error                           : 1.006074e-04
./elasticity on a mpich-O named noether with 64 processors, by arash Thu Feb 11 18:02:47 2021
Time (sec):           1.320e+01     1.001   1.320e+01
Event                Count      Time (sec)     Flop                              --- Global ---  --- Stage ----  Total   GPU    - CpuToGpu -   - GpuToCpu - GPU
    Global nodes                       : 438976
    Total KSP Iterations               : 19
    SNES Solve Time                    : 8.96127 (8.96122) sec
    DoFs/Sec in SNES                   : 2.7922 (2.79221) million
    L2 Error                           : 9.795471e-05
./elasticity on a mpich-O named noether with 64 processors, by arash Thu Feb 11 18:03:18 2021
Time (sec):           1.340e+01     1.001   1.340e+01
Event                Count      Time (sec)     Flop                              --- Global ---  --- Stage ----  Total   GPU    - CpuToGpu -   - GpuToCpu - GPU
    Global nodes                       : 970299
    Total KSP Iterations               : 20
    SNES Solve Time                    : 18.0406 (18.0369) sec
    DoFs/Sec in SNES                   : 3.22706 (3.22772) million
    L2 Error                           : 5.749767e-05
./elasticity on a mpich-O named noether with 64 processors, by arash Thu Feb 11 18:04:03 2021
Time (sec):           2.828e+01     1.000   2.828e+01
Event                Count      Time (sec)     Flop                              --- Global ---  --- Stage ----  Total   GPU    - CpuToGpu -   - GpuToCpu - GPU
    Global nodes                       : 1906624
    Total KSP Iterations               : 21
    SNES Solve Time                    : 34.9089 (34.9088) sec
    DoFs/Sec in SNES                   : 3.44088 (3.44088) million
    L2 Error                           : 3.655391e-05
./elasticity on a mpich-O named noether with 64 processors, by arash Thu Feb 11 18:05:16 2021
Time (sec):           5.519e+01     1.000   5.519e+01
Event                Count      Time (sec)     Flop                              --- Global ---  --- Stage ----  Total   GPU    - CpuToGpu -   - GpuToCpu - GPU
