    Global nodes                       : 6859
    Total KSP Iterations               : 11
    SNES Solve Time                    : 0.0504706 (0.0495024) sec
    DoFs/Sec in SNES                   : 4.48473 (4.57245) million
    L2 Error                           : 1.131716e-04
./elasticity on a mpich-O named noether with 64 processors, by arash Thu Feb 11 18:05:27 2021
Time (sec):           1.230e+00     1.007   1.229e+00
Event                Count      Time (sec)     Flop                              --- Global ---  --- Stage ----  Total   GPU    - CpuToGpu -   - GpuToCpu - GPU
    Global nodes                       : 9261
    Total KSP Iterations               : 11
    SNES Solve Time                    : 0.0558162 (0.0558076) sec
    DoFs/Sec in SNES                   : 5.47535 (5.47619) million
    L2 Error                           : 7.706906e-05
./elasticity on a mpich-O named noether with 64 processors, by arash Thu Feb 11 18:05:59 2021
Time (sec):           5.730e-01     1.001   5.729e-01
Event                Count      Time (sec)     Flop                              --- Global ---  --- Stage ----  Total   GPU    - CpuToGpu -   - GpuToCpu - GPU
    Global nodes                       : 42875
    Total KSP Iterations               : 13
    SNES Solve Time                    : 0.143533 (0.143518) sec
    DoFs/Sec in SNES                   : 11.6497 (11.651) million
    L2 Error                           : 1.055865e-05
./elasticity on a mpich-O named noether with 64 processors, by arash Thu Feb 11 18:06:45 2021
Time (sec):           3.313e-01     1.008   3.311e-01
Event                Count      Time (sec)     Flop                              --- Global ---  --- Stage ----  Total   GPU    - CpuToGpu -   - GpuToCpu - GPU
    Global nodes                       : 50653
    Total KSP Iterations               : 13
    SNES Solve Time                    : 0.490332 (0.482331) sec
    DoFs/Sec in SNES                   : 4.02884 (4.09567) million
    L2 Error                           : 8.488571e-06
./elasticity on a mpich-O named noether with 64 processors, by arash Thu Feb 11 18:06:58 2021
Time (sec):           7.942e-01     1.000   7.941e-01
Event                Count      Time (sec)     Flop                              --- Global ---  --- Stage ----  Total   GPU    - CpuToGpu -   - GpuToCpu - GPU
    Global nodes                       : 250047
    Total KSP Iterations               : 15
    SNES Solve Time                    : 0.643668 (0.643654) sec
    DoFs/Sec in SNES                   : 17.4812 (17.4816) million
    L2 Error                           : 1.037496e-06
./elasticity on a mpich-O named noether with 64 processors, by arash Thu Feb 11 18:07:31 2021
Time (sec):           1.102e+00     1.004   1.102e+00
Event                Count      Time (sec)     Flop                              --- Global ---  --- Stage ----  Total   GPU    - CpuToGpu -   - GpuToCpu - GPU
    Global nodes                       : 274625
    Total KSP Iterations               : 15
    SNES Solve Time                    : 0.77125 (0.771219) sec
    DoFs/Sec in SNES                   : 16.0235 (16.0242) million
    L2 Error                           : 9.165655e-07
./elasticity on a mpich-O named noether with 64 processors, by arash Thu Feb 11 18:08:00 2021
Time (sec):           2.824e+00     1.005   2.824e+00
Event                Count      Time (sec)     Flop                              --- Global ---  --- Stage ----  Total   GPU    - CpuToGpu -   - GpuToCpu - GPU
