    Global nodes                       : 1331
    Total KSP Iterations               : 9
    SNES Solve Time                    : 0.0281403 (0.0281336) sec
    DoFs/Sec in SNES                   : 1.27706 (1.27737) million
    L2 Error                           : 1.452367e-04
./elasticity on a mpich-O named noether with 64 processors, by arash Thu Feb 11 18:08:22 2021
Time (sec):           3.893e-01     1.011   3.891e-01
Event                Count      Time (sec)     Flop                              --- Global ---  --- Stage ----  Total   GPU    - CpuToGpu -   - GpuToCpu - GPU
    Global nodes                       : 2744
    Total KSP Iterations               : 9
    SNES Solve Time                    : 5.37217 (5.36368) sec
    DoFs/Sec in SNES                   : 0.0137911 (0.0138129) million
    L2 Error                           : 4.870458e-05
./elasticity on a mpich-O named noether with 64 processors, by arash Thu Feb 11 18:09:03 2021
Time (sec):           6.275e+00     1.000   6.275e+00
Event                Count      Time (sec)     Flop                              --- Global ---  --- Stage ----  Total   GPU    - CpuToGpu -   - GpuToCpu - GPU
    Global nodes                       : 4913
    Total KSP Iterations               : 10
    SNES Solve Time                    : 0.161477 (0.161409) sec
    DoFs/Sec in SNES                   : 0.912764 (0.913148) million
    L2 Error                           : 1.977035e-05
./elasticity on a mpich-O named noether with 64 processors, by arash Thu Feb 11 18:09:30 2021
Time (sec):           2.512e+00     1.004   2.511e+00
Event                Count      Time (sec)     Flop                              --- Global ---  --- Stage ----  Total   GPU    - CpuToGpu -   - GpuToCpu - GPU
    Global nodes                       : 8000
    Total KSP Iterations               : 10
    SNES Solve Time                    : 0.0512819 (0.0512676) sec
    DoFs/Sec in SNES                   : 4.68001 (4.68132) million
    L2 Error                           : 9.185820e-06
./elasticity on a mpich-O named noether with 64 processors, by arash Thu Feb 11 18:10:04 2021
Time (sec):           3.028e+00     1.000   3.027e+00
Event                Count      Time (sec)     Flop                              --- Global ---  --- Stage ----  Total   GPU    - CpuToGpu -   - GpuToCpu - GPU
    Global nodes                       : 24389
    Total KSP Iterations               : 10
    SNES Solve Time                    : 1.6699 (1.66016) sec
    DoFs/Sec in SNES                   : 0.438151 (0.440722) million
    L2 Error                           : 1.545405e-06
./elasticity on a mpich-O named noether with 64 processors, by arash Thu Feb 11 18:10:27 2021
Time (sec):           2.259e+00     1.001   2.259e+00
Event                Count      Time (sec)     Flop                              --- Global ---  --- Stage ----  Total   GPU    - CpuToGpu -   - GpuToCpu - GPU
    Global nodes                       : 32768
    Total KSP Iterations               : 11
    SNES Solve Time                    : 0.0892315 (0.0891845) sec
    DoFs/Sec in SNES                   : 12.1184 (12.1248) million
    L2 Error                           : 9.586827e-07
./elasticity on a mpich-O named noether with 64 processors, by arash Thu Feb 11 18:11:02 2021
Time (sec):           1.042e+00     1.012   1.041e+00
Event                Count      Time (sec)     Flop                              --- Global ---  --- Stage ----  Total   GPU    - CpuToGpu -   - GpuToCpu - GPU
