    Global nodes                       : 343
    Total KSP Iterations               : 11
    SNES Solve Time                    : 0.03177 (0.0317488) sec
    DoFs/Sec in SNES                   : 0.35628 (0.356518) million
    L2 Error                           : 2.361752e-04
./elasticity on a mpich-O named noether with 64 processors, by arash Thu Feb 11 18:11:29 2021
Time (sec):           2.227e+00     1.004   2.227e+00
Event                Count      Time (sec)     Flop                              --- Global ---  --- Stage ----  Total   GPU    - CpuToGpu -   - GpuToCpu - GPU
    Global nodes                       : 1331
    Total KSP Iterations               : 12
    SNES Solve Time                    : 0.18479 (0.184777) sec
    DoFs/Sec in SNES                   : 0.2593 (0.259318) million
    L2 Error                           : 2.447467e-05
./elasticity on a mpich-O named noether with 64 processors, by arash Thu Feb 11 18:11:54 2021
Time (sec):           2.628e+00     1.005   2.625e+00
Event                Count      Time (sec)     Flop                              --- Global ---  --- Stage ----  Total   GPU    - CpuToGpu -   - GpuToCpu - GPU
    Global nodes                       : 3375
    Total KSP Iterations               : 13
    SNES Solve Time                    : 0.0435057 (0.0434971) sec
    DoFs/Sec in SNES                   : 3.02547 (3.02606) million
    L2 Error                           : 4.616783e-06
./elasticity on a mpich-O named noether with 64 processors, by arash Thu Feb 11 18:12:31 2021
Time (sec):           2.875e+00     1.000   2.875e+00
Event                Count      Time (sec)     Flop                              --- Global ---  --- Stage ----  Total   GPU    - CpuToGpu -   - GpuToCpu - GPU
    Global nodes                       : 6859
    Total KSP Iterations               : 13
    SNES Solve Time                    : 0.0519066 (0.0518622) sec
    DoFs/Sec in SNES                   : 5.15351 (5.15791) million
    L2 Error                           : 1.240715e-06
./elasticity on a mpich-O named noether with 64 processors, by arash Thu Feb 11 18:12:48 2021
Time (sec):           4.352e+00     1.002   4.350e+00
Event                Count      Time (sec)     Flop                              --- Global ---  --- Stage ----  Total   GPU    - CpuToGpu -   - GpuToCpu - GPU
    Global nodes                       : 12167
    Total KSP Iterations               : 13
    SNES Solve Time                    : 1.29923 (1.29307) sec
    DoFs/Sec in SNES                   : 0.365226 (0.366966) million
    L2 Error                           : 4.204536e-07
./elasticity on a mpich-O named noether with 64 processors, by arash Thu Feb 11 18:13:24 2021
Time (sec):           4.124e+00     1.003   4.124e+00
Event                Count      Time (sec)     Flop                              --- Global ---  --- Stage ----  Total   GPU    - CpuToGpu -   - GpuToCpu - GPU
    Global nodes                       : 29791
    Total KSP Iterations               : 13
    SNES Solve Time                    : 0.0648561 (0.0648353) sec
    DoFs/Sec in SNES                   : 17.9143 (17.92) million
    L2 Error                           : 7.550478e-08
./elasticity on a mpich-O named noether with 64 processors, by arash Thu Feb 11 18:13:57 2021
Time (sec):           2.584e+00     1.001   2.584e+00
Event                Count      Time (sec)     Flop                              --- Global ---  --- Stage ----  Total   GPU    - CpuToGpu -   - GpuToCpu - GPU
