    Global nodes                       : 3375
    Total KSP Iterations               : 57
    SNES Solve Time                    : 0.168938 (0.168906) sec
    DoFs/Sec in SNES                   : 3.41619 (3.41683) million
    L2 Error                           : 8.648151e-05
./elasticity on a mpich-O named noether with 64 processors, by arash Thu Feb 11 18:20:46 2021
Time (sec):           2.295e+00     1.000   2.295e+00
Event                Count      Time (sec)     Flop                              --- Global ---  --- Stage ----  Total   GPU    - CpuToGpu -   - GpuToCpu - GPU
    Global nodes                       : 19683
    Total KSP Iterations               : 60
    SNES Solve Time                    : 0.136065 (0.136054) sec
    DoFs/Sec in SNES                   : 26.0385 (26.0408) million
    L2 Error                           : 3.657836e-06
./elasticity on a mpich-O named noether with 64 processors, by arash Thu Feb 11 18:21:06 2021
Time (sec):           2.955e+00     1.003   2.947e+00
Event                Count      Time (sec)     Flop                              --- Global ---  --- Stage ----  Total   GPU    - CpuToGpu -   - GpuToCpu - GPU
    Global nodes                       : 29791
    Total KSP Iterations               : 60
    SNES Solve Time                    : 0.125916 (0.1259) sec
    DoFs/Sec in SNES                   : 42.5868 (42.5923) million
    L2 Error                           : 1.682311e-06
./elasticity on a mpich-O named noether with 64 processors, by arash Thu Feb 11 18:21:37 2021
Time (sec):           4.550e+00     1.002   4.550e+00
Event                Count      Time (sec)     Flop                              --- Global ---  --- Stage ----  Total   GPU    - CpuToGpu -   - GpuToCpu - GPU
    Global nodes                       : 42875
    Total KSP Iterations               : 60
    SNES Solve Time                    : 3.62971 (3.62) sec
    DoFs/Sec in SNES                   : 2.12621 (2.1319) million
    L2 Error                           : 8.441154e-07
./elasticity on a mpich-O named noether with 64 processors, by arash Thu Feb 11 18:22:13 2021
Time (sec):           6.456e+00     1.000   6.456e+00
Event                Count      Time (sec)     Flop                              --- Global ---  --- Stage ----  Total   GPU    - CpuToGpu -   - GpuToCpu - GPU
    Global nodes                       : 103823
    Total KSP Iterations               : 61
    SNES Solve Time                    : 1.5823 (1.57429) sec
    DoFs/Sec in SNES                   : 12.0076 (12.0687) million
    L2 Error                           : 1.545579e-07
./elasticity on a mpich-O named noether with 64 processors, by arash Thu Feb 11 18:22:43 2021
Time (sec):           4.279e+00     1.000   4.278e+00
Event                Count      Time (sec)     Flop                              --- Global ---  --- Stage ----  Total   GPU    - CpuToGpu -   - GpuToCpu - GPU
    Global nodes                       : 132651
    Total KSP Iterations               : 61
    SNES Solve Time                    : 0.391548 (0.391526) sec
    DoFs/Sec in SNES                   : 61.9979 (62.0013) million
    L2 Error                           : 9.612526e-08
./elasticity on a mpich-O named noether with 64 processors, by arash Thu Feb 11 18:23:05 2021
Time (sec):           2.955e+00     1.004   2.953e+00
Event                Count      Time (sec)     Flop                              --- Global ---  --- Stage ----  Total   GPU    - CpuToGpu -   - GpuToCpu - GPU
