    Global nodes                       : 12167
    Total KSP Iterations               : 879
    SNES Solve Time                    : 2.7966 (2.78687) sec
    DoFs/Sec in SNES                   : 11.4727 (11.5127) million
    L2 Error                           : 1.130704e-02
./elasticity on a mpich-O named noether with 64 processors, by arash Thu Feb 11 18:23:43 2021
Time (sec):           5.511e+00     1.003   5.510e+00
Event                Count      Time (sec)     Flop                              --- Global ---  --- Stage ----  Total   GPU    - CpuToGpu -   - GpuToCpu - GPU
    Global nodes                       : 15625
    Total KSP Iterations               : 944
    SNES Solve Time                    : 1.00383 (1.00382) sec
    DoFs/Sec in SNES                   : 44.0812 (44.0815) million
    L2 Error                           : 9.524637e-03
./elasticity on a mpich-O named noether with 64 processors, by arash Thu Feb 11 18:24:22 2021
Time (sec):           1.395e+00     1.000   1.395e+00
Event                Count      Time (sec)     Flop                              --- Global ---  --- Stage ----  Total   GPU    - CpuToGpu -   - GpuToCpu - GPU
    Global nodes                       : 389017
    Total KSP Iterations               : 1083
    SNES Solve Time                    : 19.3533 (19.3533) sec
    DoFs/Sec in SNES                   : 65.3075 (65.3075) million
    L2 Error                           : 1.010604e-03
./elasticity on a mpich-O named noether with 64 processors, by arash Thu Feb 11 18:24:59 2021
Time (sec):           2.056e+01     1.000   2.056e+01
Event                Count      Time (sec)     Flop                              --- Global ---  --- Stage ----  Total   GPU    - CpuToGpu -   - GpuToCpu - GPU
    Global nodes                       : 421875
    Total KSP Iterations               : 1119
    SNES Solve Time                    : 20.1512 (20.1469) sec
    DoFs/Sec in SNES                   : 70.2804 (70.2954) million
    L2 Error                           : 9.530128e-04
./elasticity on a mpich-O named noether with 64 processors, by arash Thu Feb 11 18:25:40 2021
Time (sec):           2.228e+01     1.001   2.228e+01
Event                Count      Time (sec)     Flop                              --- Global ---  --- Stage ----  Total   GPU    - CpuToGpu -   - GpuToCpu - GPU
