    Global nodes                       : 6859
    Total KSP Iterations               : 976
    SNES Solve Time                    : 1.36321 (1.36319) sec
    DoFs/Sec in SNES                   : 14.7323 (14.7325) million
    L2 Error                           : 1.762010e-04
./elasticity on a mpich-O named noether with 64 processors, by arash Thu Feb 11 18:28:02 2021
Time (sec):           6.141e+00     1.001   6.140e+00
Event                Count      Time (sec)     Flop                              --- Global ---  --- Stage ----  Total   GPU    - CpuToGpu -   - GpuToCpu - GPU
    Global nodes                       : 12167
    Total KSP Iterations               : 1107
    SNES Solve Time                    : 1.67348 (1.67346) sec
    DoFs/Sec in SNES                   : 24.1453 (24.1456) million
    L2 Error                           : 8.450407e-05
./elasticity on a mpich-O named noether with 64 processors, by arash Thu Feb 11 18:28:25 2021
Time (sec):           3.934e+00     1.004   3.933e+00
Event                Count      Time (sec)     Flop                              --- Global ---  --- Stage ----  Total   GPU    - CpuToGpu -   - GpuToCpu - GPU
    Global nodes                       : 59319
    Total KSP Iterations               : 1381
    SNES Solve Time                    : 3.42035 (3.4203) sec
    DoFs/Sec in SNES                   : 71.8519 (71.8529) million
    L2 Error                           : 1.061804e-05
./elasticity on a mpich-O named noether with 64 processors, by arash Thu Feb 11 18:29:02 2021
Time (sec):           6.282e+00     1.002   6.280e+00
Event                Count      Time (sec)     Flop                              --- Global ---  --- Stage ----  Total   GPU    - CpuToGpu -   - GpuToCpu - GPU
    Global nodes                       : 79507
    Total KSP Iterations               : 1394
    SNES Solve Time                    : 4.27171 (4.27167) sec
    DoFs/Sec in SNES                   : 77.8372 (77.8381) million
    L2 Error                           : 7.195465e-06
./elasticity on a mpich-O named noether with 64 processors, by arash Thu Feb 11 18:29:39 2021
Time (sec):           6.494e+00     1.002   6.494e+00
Event                Count      Time (sec)     Flop                              --- Global ---  --- Stage ----  Total   GPU    - CpuToGpu -   - GpuToCpu - GPU
