    Global nodes                       : 12167
    Total KSP Iterations               : 1270
    SNES Solve Time                    : 1.0668 (1.06677) sec
    DoFs/Sec in SNES                   : 43.4536 (43.455) million
    L2 Error                           : 1.130925e-02
./elasticity on a mpich-O named noether with 64 processors, by arash Thu Feb 11 18:30:23 2021
Time (sec):           1.212e+00     1.017   1.212e+00
Event                Count      Time (sec)     Flop                              --- Global ---  --- Stage ----  Total   GPU    - CpuToGpu -   - GpuToCpu - GPU
    Global nodes                       : 15625
    Total KSP Iterations               : 1454
    SNES Solve Time                    : 4.06248 (4.06247) sec
    DoFs/Sec in SNES                   : 16.777 (16.7771) million
    L2 Error                           : 9.558596e-03
./elasticity on a mpich-O named noether with 64 processors, by arash Thu Feb 11 18:30:51 2021
Time (sec):           4.217e+00     1.004   4.216e+00
Event                Count      Time (sec)     Flop                              --- Global ---  --- Stage ----  Total   GPU    - CpuToGpu -   - GpuToCpu - GPU
    Global nodes                       : 421875
    Total KSP Iterations               : 2938
    SNES Solve Time                    : 50.4166 (50.4166) sec
    DoFs/Sec in SNES                   : 73.7536 (73.7536) million
    L2 Error                           : 1.027212e-03
./elasticity on a mpich-O named noether with 64 processors, by arash Thu Feb 11 18:32:09 2021
Time (sec):           5.107e+01     1.000   5.107e+01
Event                Count      Time (sec)     Flop                              --- Global ---  --- Stage ----  Total   GPU    - CpuToGpu -   - GpuToCpu - GPU
    Global nodes                       : 456533
    Total KSP Iterations               : 2790
    SNES Solve Time                    : 60.7987 (60.7987) sec
    DoFs/Sec in SNES                   : 62.8497 (62.8497) million
    L2 Error                           : 9.736041e-04
./elasticity on a mpich-O named noether with 64 processors, by arash Thu Feb 11 18:33:19 2021
Time (sec):           6.152e+01     1.000   6.152e+01
Event                Count      Time (sec)     Flop                              --- Global ---  --- Stage ----  Total   GPU    - CpuToGpu -   - GpuToCpu - GPU
