    Global nodes                       : 13824
    Total KSP Iterations               : 15
    SNES Solve Time                    : 0.447212 (0.447196) sec
    DoFs/Sec in SNES                   : 1.39102 (1.39107) million
    L2 Error                           : 1.021426e-03
./elasticity on a mpich-O named noether with 64 processors, by arash Wed Feb 10 07:52:33 2021
Time (sec):           1.018e+00     1.002   1.017e+00
Event                Count      Time (sec)     Flop                              --- Global ---  --- Stage ----  Total   GPU    - CpuToGpu -   - GpuToCpu - GPU
    Global nodes                       : 15625
    Total KSP Iterations               : 15
    SNES Solve Time                    : 0.49051 (0.490497) sec
    DoFs/Sec in SNES                   : 1.43346 (1.4335) million
    L2 Error                           : 9.391153e-04
./elasticity on a mpich-O named noether with 64 processors, by arash Wed Feb 10 07:53:07 2021
Time (sec):           1.051e+00     1.005   1.051e+00
Event                Count      Time (sec)     Flop                              --- Global ---  --- Stage ----  Total   GPU    - CpuToGpu -   - GpuToCpu - GPU
    Global nodes                       : 405224
    Total KSP Iterations               : 19
    SNES Solve Time                    : 8.44432 (8.44427) sec
    DoFs/Sec in SNES                   : 2.7353 (2.73532) million
    L2 Error                           : 1.033693e-04
./elasticity on a mpich-O named noether with 64 processors, by arash Wed Feb 10 07:53:39 2021
Time (sec):           1.255e+01     1.000   1.255e+01
Event                Count      Time (sec)     Flop                              --- Global ---  --- Stage ----  Total   GPU    - CpuToGpu -   - GpuToCpu - GPU
    Global nodes                       : 421875
    Total KSP Iterations               : 19
    SNES Solve Time                    : 8.32722 (8.32719) sec
    DoFs/Sec in SNES                   : 2.88774 (2.88775) million
    L2 Error                           : 1.006074e-04
./elasticity on a mpich-O named noether with 64 processors, by arash Wed Feb 10 07:54:08 2021
Time (sec):           1.279e+01     1.001   1.279e+01
Event                Count      Time (sec)     Flop                              --- Global ---  --- Stage ----  Total   GPU    - CpuToGpu -   - GpuToCpu - GPU
    Global nodes                       : 970299
    Total KSP Iterations               : 20
    SNES Solve Time                    : 17.8825 (17.8825) sec
    DoFs/Sec in SNES                   : 3.25558 (3.25558) million
    L2 Error                           : 5.749767e-05
./elasticity on a mpich-O named noether with 64 processors, by arash Wed Feb 10 07:55:07 2021
Time (sec):           2.788e+01     1.000   2.788e+01
Event                Count      Time (sec)     Flop                              --- Global ---  --- Stage ----  Total   GPU    - CpuToGpu -   - GpuToCpu - GPU
    Global nodes                       : 1906624
    Total KSP Iterations               : 21
    SNES Solve Time                    : 34.772 (34.7711) sec
    DoFs/Sec in SNES                   : 3.45443 (3.45451) million
    L2 Error                           : 3.655391e-05
./elasticity on a mpich-O named noether with 64 processors, by arash Wed Feb 10 07:56:14 2021
Time (sec):           5.511e+01     1.000   5.511e+01
Event                Count      Time (sec)     Flop                              --- Global ---  --- Stage ----  Total   GPU    - CpuToGpu -   - GpuToCpu - GPU
