    Global nodes                       : 6859
    Total KSP Iterations               : 11
    SNES Solve Time                    : 0.0771053 (0.0770941) sec
    DoFs/Sec in SNES                   : 2.93556 (2.93598) million
    L2 Error                           : 1.131716e-04
./elasticity on a mpich-O named noether with 64 processors, by arash Wed Feb 10 07:56:23 2021
Time (sec):           1.750e-01     1.001   1.749e-01
Event                Count      Time (sec)     Flop                              --- Global ---  --- Stage ----  Total   GPU    - CpuToGpu -   - GpuToCpu - GPU
    Global nodes                       : 9261
    Total KSP Iterations               : 11
    SNES Solve Time                    : 0.0722251 (0.0722187) sec
    DoFs/Sec in SNES                   : 4.2314 (4.23177) million
    L2 Error                           : 7.706906e-05
./elasticity on a mpich-O named noether with 64 processors, by arash Wed Feb 10 07:56:46 2021
Time (sec):           1.797e-01     1.042   1.760e-01
Event                Count      Time (sec)     Flop                              --- Global ---  --- Stage ----  Total   GPU    - CpuToGpu -   - GpuToCpu - GPU
    Global nodes                       : 42875
    Total KSP Iterations               : 13
    SNES Solve Time                    : 1.32036 (1.31065) sec
    DoFs/Sec in SNES                   : 1.26641 (1.2758) million
    L2 Error                           : 1.055865e-05
./elasticity on a mpich-O named noether with 64 processors, by arash Wed Feb 10 07:57:14 2021
Time (sec):           4.523e+00     1.004   4.523e+00
Event                Count      Time (sec)     Flop                              --- Global ---  --- Stage ----  Total   GPU    - CpuToGpu -   - GpuToCpu - GPU
    Global nodes                       : 50653
    Total KSP Iterations               : 13
    SNES Solve Time                    : 0.164571 (0.164531) sec
    DoFs/Sec in SNES                   : 12.0037 (12.0067) million
    L2 Error                           : 8.488571e-06
./elasticity on a mpich-O named noether with 64 processors, by arash Wed Feb 10 07:57:44 2021
Time (sec):           7.529e-01     1.004   7.525e-01
Event                Count      Time (sec)     Flop                              --- Global ---  --- Stage ----  Total   GPU    - CpuToGpu -   - GpuToCpu - GPU
    Global nodes                       : 250047
    Total KSP Iterations               : 15
    SNES Solve Time                    : 0.622079 (0.622066) sec
    DoFs/Sec in SNES                   : 18.0879 (18.0883) million
    L2 Error                           : 1.037496e-06
./elasticity on a mpich-O named noether with 64 processors, by arash Wed Feb 10 07:58:29 2021
Time (sec):           1.095e+00     1.005   1.094e+00
Event                Count      Time (sec)     Flop                              --- Global ---  --- Stage ----  Total   GPU    - CpuToGpu -   - GpuToCpu - GPU
    Global nodes                       : 274625
    Total KSP Iterations               : 15
    SNES Solve Time                    : 0.687524 (0.687503) sec
    DoFs/Sec in SNES                   : 17.9748 (17.9754) million
    L2 Error                           : 9.165655e-07
./elasticity on a mpich-O named noether with 64 processors, by arash Wed Feb 10 07:58:58 2021
Time (sec):           1.188e+00     1.014   1.187e+00
Event                Count      Time (sec)     Flop                              --- Global ---  --- Stage ----  Total   GPU    - CpuToGpu -   - GpuToCpu - GPU
