    Global nodes                       : 1331
    Total KSP Iterations               : 9
    SNES Solve Time                    : 0.0281947 (0.0281858) sec
    DoFs/Sec in SNES                   : 1.2746 (1.275) million
    L2 Error                           : 1.452367e-04
./elasticity on a mpich-O named noether with 64 processors, by arash Wed Feb 10 07:59:20 2021
Time (sec):           4.097e-01     1.012   4.095e-01
Event                Count      Time (sec)     Flop                              --- Global ---  --- Stage ----  Total   GPU    - CpuToGpu -   - GpuToCpu - GPU
    Global nodes                       : 2744
    Total KSP Iterations               : 9
    SNES Solve Time                    : 0.0331526 (0.033139) sec
    DoFs/Sec in SNES                   : 2.23476 (2.23567) million
    L2 Error                           : 4.870458e-05
./elasticity on a mpich-O named noether with 64 processors, by arash Wed Feb 10 07:59:44 2021
Time (sec):           3.567e-01     1.017   3.564e-01
Event                Count      Time (sec)     Flop                              --- Global ---  --- Stage ----  Total   GPU    - CpuToGpu -   - GpuToCpu - GPU
    Global nodes                       : 4913
    Total KSP Iterations               : 10
    SNES Solve Time                    : 0.0417612 (0.0417526) sec
    DoFs/Sec in SNES                   : 3.52936 (3.53008) million
    L2 Error                           : 1.977035e-05
./elasticity on a mpich-O named noether with 64 processors, by arash Wed Feb 10 08:00:11 2021
Time (sec):           3.698e-01     1.007   3.697e-01
Event                Count      Time (sec)     Flop                              --- Global ---  --- Stage ----  Total   GPU    - CpuToGpu -   - GpuToCpu - GPU
    Global nodes                       : 8000
    Total KSP Iterations               : 10
    SNES Solve Time                    : 0.0404372 (0.0404327) sec
    DoFs/Sec in SNES                   : 5.93513 (5.93579) million
    L2 Error                           : 9.185820e-06
./elasticity on a mpich-O named noether with 64 processors, by arash Wed Feb 10 08:00:32 2021
Time (sec):           4.339e-01     1.001   4.338e-01
Event                Count      Time (sec)     Flop                              --- Global ---  --- Stage ----  Total   GPU    - CpuToGpu -   - GpuToCpu - GPU
    Global nodes                       : 24389
    Total KSP Iterations               : 10
    SNES Solve Time                    : 0.063518 (0.0635109) sec
    DoFs/Sec in SNES                   : 11.5191 (11.5204) million
    L2 Error                           : 1.545405e-06
./elasticity on a mpich-O named noether with 64 processors, by arash Wed Feb 10 08:01:08 2021
Time (sec):           7.029e-01     1.010   6.992e-01
Event                Count      Time (sec)     Flop                              --- Global ---  --- Stage ----  Total   GPU    - CpuToGpu -   - GpuToCpu - GPU
    Global nodes                       : 32768
    Total KSP Iterations               : 11
    SNES Solve Time                    : 0.073868 (0.0738597) sec
    DoFs/Sec in SNES                   : 14.6389 (14.6405) million
    L2 Error                           : 9.586827e-07
./elasticity on a mpich-O named noether with 64 processors, by arash Wed Feb 10 08:01:27 2021
Time (sec):           1.337e+00     1.005   1.337e+00
Event                Count      Time (sec)     Flop                              --- Global ---  --- Stage ----  Total   GPU    - CpuToGpu -   - GpuToCpu - GPU
