    Global nodes                       : 343
    Total KSP Iterations               : 11
    SNES Solve Time                    : 0.0328567 (0.0328484) sec
    DoFs/Sec in SNES                   : 0.344496 (0.344583) million
    L2 Error                           : 2.361752e-04
./elasticity on a mpich-O named noether with 64 processors, by arash Wed Feb 10 08:01:53 2021
Time (sec):           3.292e+00     1.000   3.292e+00
Event                Count      Time (sec)     Flop                              --- Global ---  --- Stage ----  Total   GPU    - CpuToGpu -   - GpuToCpu - GPU
    Global nodes                       : 1331
    Total KSP Iterations               : 12
    SNES Solve Time                    : 0.0751448 (0.0751381) sec
    DoFs/Sec in SNES                   : 0.637649 (0.637706) million
    L2 Error                           : 2.447467e-05
./elasticity on a mpich-O named noether with 64 processors, by arash Wed Feb 10 08:02:09 2021
Time (sec):           2.247e+00     1.001   2.247e+00
Event                Count      Time (sec)     Flop                              --- Global ---  --- Stage ----  Total   GPU    - CpuToGpu -   - GpuToCpu - GPU
    Global nodes                       : 3375
    Total KSP Iterations               : 13
    SNES Solve Time                    : 0.0432272 (0.04322) sec
    DoFs/Sec in SNES                   : 3.04496 (3.04546) million
    L2 Error                           : 4.616783e-06
./elasticity on a mpich-O named noether with 64 processors, by arash Wed Feb 10 08:02:42 2021
Time (sec):           2.590e+00     1.000   2.590e+00
Event                Count      Time (sec)     Flop                              --- Global ---  --- Stage ----  Total   GPU    - CpuToGpu -   - GpuToCpu - GPU
    Global nodes                       : 6859
    Total KSP Iterations               : 13
    SNES Solve Time                    : 0.0651581 (0.0651484) sec
    DoFs/Sec in SNES                   : 4.10541 (4.10603) million
    L2 Error                           : 1.240715e-06
./elasticity on a mpich-O named noether with 64 processors, by arash Wed Feb 10 08:03:01 2021
Time (sec):           3.198e+00     1.003   3.198e+00
Event                Count      Time (sec)     Flop                              --- Global ---  --- Stage ----  Total   GPU    - CpuToGpu -   - GpuToCpu - GPU
    Global nodes                       : 12167
    Total KSP Iterations               : 13
    SNES Solve Time                    : 0.054656 (0.0546422) sec
    DoFs/Sec in SNES                   : 8.68181 (8.684) million
    L2 Error                           : 4.204536e-07
./elasticity on a mpich-O named noether with 64 processors, by arash Wed Feb 10 08:03:39 2021
Time (sec):           2.542e+00     1.004   2.541e+00
Event                Count      Time (sec)     Flop                              --- Global ---  --- Stage ----  Total   GPU    - CpuToGpu -   - GpuToCpu - GPU
    Global nodes                       : 29791
    Total KSP Iterations               : 13
    SNES Solve Time                    : 0.0625579 (0.0625522) sec
    DoFs/Sec in SNES                   : 18.5724 (18.5741) million
    L2 Error                           : 7.550478e-08
./elasticity on a mpich-O named noether with 64 processors, by arash Wed Feb 10 08:04:07 2021
Time (sec):           5.527e+00     1.002   5.527e+00
Event                Count      Time (sec)     Flop                              --- Global ---  --- Stage ----  Total   GPU    - CpuToGpu -   - GpuToCpu - GPU
