    Global nodes                       : 9261
    Total KSP Iterations               : 45
    SNES Solve Time                    : 0.0748696 (0.0748637) sec
    DoFs/Sec in SNES                   : 16.6988 (16.7002) million
    L2 Error                           : 1.678400e-03
./elasticity on a mpich-O named noether with 64 processors, by arash Wed Feb 10 08:04:31 2021
Time (sec):           2.793e-01     1.029   2.789e-01
Event                Count      Time (sec)     Flop                              --- Global ---  --- Stage ----  Total   GPU    - CpuToGpu -   - GpuToCpu - GPU
    Global nodes                       : 12167
    Total KSP Iterations               : 46
    SNES Solve Time                    : 0.0862739 (0.0862653) sec
    DoFs/Sec in SNES                   : 19.4618 (19.4637) million
    L2 Error                           : 1.207327e-03
./elasticity on a mpich-O named noether with 64 processors, by arash Wed Feb 10 08:05:02 2021
Time (sec):           1.987e-01     1.058   1.979e-01
Event                Count      Time (sec)     Flop                              --- Global ---  --- Stage ----  Total   GPU    - CpuToGpu -   - GpuToCpu - GPU
    Global nodes                       : 79507
    Total KSP Iterations               : 47
    SNES Solve Time                    : 0.359409 (0.359387) sec
    DoFs/Sec in SNES                   : 31.1915 (31.1934) million
    L2 Error                           : 1.148219e-04
./elasticity on a mpich-O named noether with 64 processors, by arash Wed Feb 10 08:05:32 2021
Time (sec):           5.761e-01     1.001   5.759e-01
Event                Count      Time (sec)     Flop                              --- Global ---  --- Stage ----  Total   GPU    - CpuToGpu -   - GpuToCpu - GPU
    Global nodes                       : 91125
    Total KSP Iterations               : 46
    SNES Solve Time                    : 0.382068 (0.382055) sec
    DoFs/Sec in SNES                   : 32.9137 (32.9148) million
    L2 Error                           : 9.636036e-05
./elasticity on a mpich-O named noether with 64 processors, by arash Wed Feb 10 08:05:49 2021
Time (sec):           1.008e+00     1.001   1.008e+00
Event                Count      Time (sec)     Flop                              --- Global ---  --- Stage ----  Total   GPU    - CpuToGpu -   - GpuToCpu - GPU
    Global nodes                       : 493039
    Total KSP Iterations               : 49
    SNES Solve Time                    : 1.85278 (1.85276) sec
    DoFs/Sec in SNES                   : 39.1178 (39.1182) million
    L2 Error                           : 1.070310e-05
./elasticity on a mpich-O named noether with 64 processors, by arash Wed Feb 10 08:06:19 2021
Time (sec):           2.594e+00     1.000   2.594e+00
Event                Count      Time (sec)     Flop                              --- Global ---  --- Stage ----  Total   GPU    - CpuToGpu -   - GpuToCpu - GPU
    Global nodes                       : 531441
    Total KSP Iterations               : 49
    SNES Solve Time                    : 3.08354 (3.08347) sec
    DoFs/Sec in SNES                   : 25.3351 (25.3357) million
    L2 Error                           : 9.699117e-06
./elasticity on a mpich-O named noether with 64 processors, by arash Wed Feb 10 08:06:40 2021
Time (sec):           5.709e+00     1.000   5.708e+00
Event                Count      Time (sec)     Flop                              --- Global ---  --- Stage ----  Total   GPU    - CpuToGpu -   - GpuToCpu - GPU
