    Global nodes                       : 8000
    Total KSP Iterations               : 780
    SNES Solve Time                    : 0.814258 (0.814246) sec
    DoFs/Sec in SNES                   : 22.9903 (22.9906) million
    L2 Error                           : 1.409488e-03
./elasticity on a mpich-O named noether with 64 processors, by arash Wed Feb 10 08:14:15 2021
Time (sec):           1.590e+00     1.005   1.589e+00
Event                Count      Time (sec)     Flop                              --- Global ---  --- Stage ----  Total   GPU    - CpuToGpu -   - GpuToCpu - GPU
    Global nodes                       : 12167
    Total KSP Iterations               : 888
    SNES Solve Time                    : 0.932572 (0.920879) sec
    DoFs/Sec in SNES                   : 34.7565 (35.1978) million
    L2 Error                           : 9.340219e-04
./elasticity on a mpich-O named noether with 64 processors, by arash Wed Feb 10 08:14:38 2021
Time (sec):           4.746e+00     1.006   4.737e+00
Event                Count      Time (sec)     Flop                              --- Global ---  --- Stage ----  Total   GPU    - CpuToGpu -   - GpuToCpu - GPU
    Global nodes                       : 103823
    Total KSP Iterations               : 1057
    SNES Solve Time                    : 4.69823 (4.69821) sec
    DoFs/Sec in SNES                   : 70.0738 (70.0741) million
    L2 Error                           : 1.094439e-04
./elasticity on a mpich-O named noether with 64 processors, by arash Wed Feb 10 08:15:20 2021
Time (sec):           6.334e+00     1.001   6.333e+00
Event                Count      Time (sec)     Flop                              --- Global ---  --- Stage ----  Total   GPU    - CpuToGpu -   - GpuToCpu - GPU
    Global nodes                       : 125000
    Total KSP Iterations               : 1068
    SNES Solve Time                    : 5.34218 (5.34216) sec
    DoFs/Sec in SNES                   : 74.9694 (74.9697) million
    L2 Error                           : 9.061410e-05
./elasticity on a mpich-O named noether with 64 processors, by arash Wed Feb 10 08:15:52 2021
Time (sec):           5.709e+00     1.000   5.709e+00
Event                Count      Time (sec)     Flop                              --- Global ---  --- Stage ----  Total   GPU    - CpuToGpu -   - GpuToCpu - GPU
