    Global nodes                       : 6859
    Total KSP Iterations               : 976
    SNES Solve Time                    : 1.25508 (1.25507) sec
    DoFs/Sec in SNES                   : 16.0015 (16.0016) million
    L2 Error                           : 1.762010e-04
./elasticity on a mpich-O named noether with 64 processors, by arash Wed Feb 10 08:16:14 2021
Time (sec):           3.779e+00     1.003   3.778e+00
Event                Count      Time (sec)     Flop                              --- Global ---  --- Stage ----  Total   GPU    - CpuToGpu -   - GpuToCpu - GPU
    Global nodes                       : 12167
    Total KSP Iterations               : 1107
    SNES Solve Time                    : 3.96194 (3.95429) sec
    DoFs/Sec in SNES                   : 10.1987 (10.2184) million
    L2 Error                           : 8.450407e-05
./elasticity on a mpich-O named noether with 64 processors, by arash Wed Feb 10 08:17:01 2021
Time (sec):           8.800e+00     1.000   8.800e+00
Event                Count      Time (sec)     Flop                              --- Global ---  --- Stage ----  Total   GPU    - CpuToGpu -   - GpuToCpu - GPU
    Global nodes                       : 59319
    Total KSP Iterations               : 1381
    SNES Solve Time                    : 3.24694 (3.24693) sec
    DoFs/Sec in SNES                   : 75.6894 (75.6896) million
    L2 Error                           : 1.061804e-05
./elasticity on a mpich-O named noether with 64 processors, by arash Wed Feb 10 08:17:19 2021
Time (sec):           6.102e+00     1.002   6.101e+00
Event                Count      Time (sec)     Flop                              --- Global ---  --- Stage ----  Total   GPU    - CpuToGpu -   - GpuToCpu - GPU
    Global nodes                       : 79507
    Total KSP Iterations               : 1394
    SNES Solve Time                    : 4.26366 (4.26364) sec
    DoFs/Sec in SNES                   : 77.9842 (77.9846) million
    L2 Error                           : 7.195465e-06
./elasticity on a mpich-O named noether with 64 processors, by arash Wed Feb 10 08:17:58 2021
Time (sec):           6.549e+00     1.002   6.548e+00
Event                Count      Time (sec)     Flop                              --- Global ---  --- Stage ----  Total   GPU    - CpuToGpu -   - GpuToCpu - GPU
